  Source.cpp
d:\user\mydocument\visual studio 2015\projects\sfml\sfml\source.cpp(32): warning C4244: аргумент: преобразование "int" в "float", возможна потеря данных
d:\user\mydocument\visual studio 2015\projects\sfml\sfml\source.cpp(74): warning C4244: =: преобразование "int" в "float", возможна потеря данных
d:\user\mydocument\visual studio 2015\projects\sfml\sfml\source.cpp(76): warning C4244: =: преобразование "int" в "float", возможна потеря данных
d:\user\mydocument\visual studio 2015\projects\sfml\sfml\source.cpp(101): warning C4244: =: преобразование "int" в "float", возможна потеря данных
d:\user\mydocument\visual studio 2015\projects\sfml\sfml\source.cpp(102): warning C4244: =: преобразование "int" в "float", возможна потеря данных
d:\user\mydocument\visual studio 2015\projects\sfml\sfml\source.cpp(168): warning C4244: +=: преобразование "double" в "float", возможна потеря данных
d:\user\mydocument\visual studio 2015\projects\sfml\sfml\source.cpp(169): warning C4244: +=: преобразование "double" в "float", возможна потеря данных
d:\user\mydocument\visual studio 2015\projects\sfml\sfml\source.cpp(173): warning C4305: *=: усечение из "double" к "float"
d:\user\mydocument\visual studio 2015\projects\sfml\sfml\source.cpp(174): warning C4305: *=: усечение из "double" к "float"
d:\user\mydocument\visual studio 2015\projects\sfml\sfml\source.cpp(219): warning C4244: аргумент: преобразование "time_t" в "unsigned int", возможна потеря данных
d:\user\mydocument\visual studio 2015\projects\sfml\sfml\source.cpp(245): warning C4305: аргумент: усечение из "double" к "float"
d:\user\mydocument\visual studio 2015\projects\sfml\sfml\source.cpp(246): warning C4305: аргумент: усечение из "double" к "float"
d:\user\mydocument\visual studio 2015\projects\sfml\sfml\source.cpp(248): warning C4305: аргумент: усечение из "double" к "float"
d:\user\mydocument\visual studio 2015\projects\sfml\sfml\source.cpp(259): warning C4244: аргумент: преобразование "int" в "float", возможна потеря данных
d:\user\mydocument\visual studio 2015\projects\sfml\sfml\source.cpp(279): warning C4244: аргумент: преобразование "float" в "int", возможна потеря данных
d:\user\mydocument\visual studio 2015\projects\sfml\sfml\source.cpp(313): warning C4244: аргумент: преобразование "float" в "int", возможна потеря данных
d:\user\mydocument\visual studio 2015\projects\sfml\sfml\source.cpp(322): warning C4244: аргумент: преобразование "int" в "float", возможна потеря данных
d:\user\mydocument\visual studio 2015\projects\sfml\sfml\source.cpp(322): warning C4244: аргумент: преобразование "float" в "int", возможна потеря данных
d:\user\mydocument\visual studio 2015\projects\sfml\sfml\source.cpp(334): warning C4244: аргумент: преобразование "float" в "int", возможна потеря данных
d:\user\mydocument\visual studio 2015\projects\sfml\sfml\source.cpp(364): warning C4244: аргумент: преобразование "int" в "float", возможна потеря данных
  sfml.vcxproj -> D:\User\MyDocument\Visual Studio 2015\Projects\sfml\Debug\sfml.exe
  sfml.vcxproj -> D:\User\MyDocument\Visual Studio 2015\Projects\sfml\Debug\sfml.pdb (Full PDB)
